11/20/2019 10:56:24 AM	This log contains information about the import schema operation into project 'DemoDatabaseData' on computer 'WJLP-1259' by user 'AshishV'.
11/20/2019 10:56:25 AM	Import of database schema has started.
11/20/2019 10:56:34 AM	Gathering database credentials
11/20/2019 10:56:34 AM	Gathering database options
11/20/2019 10:56:34 AM	Gathering generic database scoped configuration option
11/20/2019 10:56:34 AM	Gathering users
11/20/2019 10:56:34 AM	Gathering roles
11/20/2019 10:56:34 AM	Gathering application roles
11/20/2019 10:56:34 AM	Gathering role memberships
11/20/2019 10:56:34 AM	Gathering filegroups
11/20/2019 10:56:34 AM	Gathering full-text catalogs
11/20/2019 10:56:34 AM	Gathering assemblies
11/20/2019 10:56:34 AM	Gathering certificates
11/20/2019 10:56:34 AM	Gathering asymmetric keys
11/20/2019 10:56:34 AM	Gathering symmetric keys
11/20/2019 10:56:34 AM	Gathering encrypted symmetric keys
11/20/2019 10:56:34 AM	Gathering schemas
11/20/2019 10:56:34 AM	Gathering XML schema collections
11/20/2019 10:56:34 AM	Gathering user-defined data types
11/20/2019 10:56:34 AM	Gathering user-defined types
11/20/2019 10:56:34 AM	Gathering table types
11/20/2019 10:56:34 AM	Gathering unique keys for table types
11/20/2019 10:56:34 AM	Gathering primary keys for table types
11/20/2019 10:56:34 AM	Gathering indexes for table types
11/20/2019 10:56:34 AM	Gathering check constraints for table types
11/20/2019 10:56:34 AM	Gathering default constraints for table types
11/20/2019 10:56:34 AM	Gathering partition functions
11/20/2019 10:56:34 AM	Gathering partition schemes
11/20/2019 10:56:34 AM	Gathering functions
11/20/2019 10:56:34 AM	Gathering encrypted functions
11/20/2019 10:56:34 AM	Gathering aggregates
11/20/2019 10:56:34 AM	Gathering procedures
11/20/2019 10:56:34 AM	Gathering encrypted procedures
11/20/2019 10:56:34 AM	Gathering tables
11/20/2019 10:56:36 AM	Gathering primary keys
11/20/2019 10:56:36 AM	Gathering unique constraints
11/20/2019 10:56:36 AM	Gathering foreign keys
11/20/2019 10:56:36 AM	Gathering default constraints
11/20/2019 10:56:36 AM	Gathering check constraints
11/20/2019 10:56:36 AM	Gathering views
11/20/2019 10:56:37 AM	Gathering encrypted views
11/20/2019 10:56:37 AM	Gathering indexes
11/20/2019 10:56:37 AM	Gathering statistics
11/20/2019 10:56:37 AM	Gathering full-text index stoplists
11/20/2019 10:56:37 AM	Gathering search property lists
11/20/2019 10:56:37 AM	Gathering search properties
11/20/2019 10:56:37 AM	Gathering full-text indexes
11/20/2019 10:56:37 AM	Gathering column store indexes
11/20/2019 10:56:37 AM	Gathering spatial indexes
11/20/2019 10:56:37 AM	Gathering XML indexes
11/20/2019 10:56:37 AM	Gathering Selective XML indexes
11/20/2019 10:56:37 AM	Gathering encrypted triggers
11/20/2019 10:56:37 AM	Gathering triggers
11/20/2019 10:56:37 AM	Gathering encrypted and clr ddl triggers
11/20/2019 10:56:37 AM	Gathering ddl triggers
11/20/2019 10:56:37 AM	Gathering synonyms
11/20/2019 10:56:37 AM	Gathering defaults
11/20/2019 10:56:37 AM	Gathering data constraint uddt bindings
11/20/2019 10:56:37 AM	Gathering rules
11/20/2019 10:56:37 AM	Gathering data constraint uddt bindings
11/20/2019 10:56:37 AM	Gathering message types
11/20/2019 10:56:37 AM	Gathering queues
11/20/2019 10:56:37 AM	Gathering contracts
11/20/2019 10:56:37 AM	Gathering services
11/20/2019 10:56:37 AM	Gathering event notifications
11/20/2019 10:56:37 AM	Gathering remote service bindings
11/20/2019 10:56:37 AM	Gathering broker priorities
11/20/2019 10:56:37 AM	Gathering signatures
11/20/2019 10:56:37 AM	Gathering data compression options
11/20/2019 10:56:37 AM	Gathering sequence types
11/20/2019 10:56:37 AM	Gathering security policies
11/20/2019 10:56:37 AM	Gather column encryption keys
11/20/2019 10:56:37 AM	Gathering column master keys
11/20/2019 10:56:37 AM	Gathering external data sources
11/20/2019 10:56:37 AM	Gathering external file formats
11/20/2019 10:56:37 AM	Gathering external tables
11/20/2019 10:56:37 AM	Gathering extended properties
11/20/2019 10:56:37 AM	Gathering credentials
11/20/2019 10:56:37 AM	Gathering logins
11/20/2019 10:56:37 AM	Gathering server audits
11/20/2019 10:56:38 AM	Scanning project for duplicate elements
11/20/2019 10:56:38 AM	Finished duplicate element processing
11/20/2019 10:56:41 AM	Finished importing database.
11/20/2019 10:56:41 AM	A summary of the import was saved to the following location: C:\Users\AshishV\source\repos\Database_Automation\DemoDatabaseData\DemoDatabaseData\Import Schema Logs\DemoDatabaseData_20191120052624.log
11/20/2019 10:56:41 AM	Click Finish to continue...
